TN:
SF:/home/travis/build/samuraitruong/yeelight/src/logger.ts
FN:4,(anonymous_0)
FN:5,(anonymous_1)
FN:6,(anonymous_2)
FN:7,(anonymous_3)
FNF:4
FNH:1
FNDA:0,(anonymous_0)
FNDA:0,(anonymous_1)
FNDA:5,(anonymous_2)
FNDA:0,(anonymous_3)
DA:3,1
DA:4,0
DA:5,0
DA:6,5
DA:7,0
LF:5
LH:2
BRF:0
BRH:0
end_of_record
TN:
SF:/home/travis/build/samuraitruong/yeelight/src/utils.ts
FN:8,parseDeviceInfo
FN:14,(anonymous_1)
FN:45,hexToNumber
FN:55,getListIpAddress
FNF:4
FNH:4
FNDA:1,parseDeviceInfo
FNDA:11,(anonymous_1)
FNDA:22,hexToNumber
FNDA:1,getListIpAddress
DA:8,1
DA:11,1
DA:12,0
DA:14,17
DA:15,11
DA:16,11
DA:17,11
DA:18,11
DA:20,0
DA:22,1
DA:23,1
DA:24,1
DA:25,1
DA:26,1
DA:27,1
DA:28,1
DA:29,1
DA:30,1
DA:31,1
DA:32,1
DA:33,1
DA:35,1
DA:36,1
DA:37,1
DA:38,1
DA:45,1
DA:46,22
DA:47,22
DA:48,22
DA:49,67
DA:50,67
DA:51,67
DA:53,22
DA:55,1
DA:56,1
DA:57,1
DA:58,1
DA:59,1
DA:60,1
DA:62,1
DA:63,5
DA:64,5
DA:65,5
DA:66,4
DA:68,5
DA:69,5
DA:72,1
DA:75,1
LF:48
LH:46
BRDA:11,0,0,0
BRDA:11,0,1,1
BRDA:14,1,0,6
BRDA:14,1,1,5
BRDA:17,2,0,11
BRDA:17,2,1,0
BRDA:17,3,0,11
BRDA:17,3,1,11
BRDA:50,4,0,44
BRDA:50,4,1,23
BRDA:55,5,0,0
BRDA:55,5,1,1
BRDA:55,6,0,0
BRDA:55,6,1,1
BRDA:62,7,0,6
BRDA:62,7,1,2
BRDA:65,8,0,4
BRDA:65,8,1,1
BRDA:65,9,0,5
BRDA:65,9,1,4
BRDA:68,10,0,5
BRDA:68,10,1,0
BRDA:68,11,0,5
BRDA:68,11,1,5
BRF:24
BRH:19
end_of_record
TN:
SF:/home/travis/build/samuraitruong/yeelight/src/yeelight.ts
FN:12,(anonymous_6)
FN:22,Yeelight
FN:33,(anonymous_8)
FN:37,(anonymous_9)
FN:63,(anonymous_10)
FN:69,(anonymous_11)
FN:75,(anonymous_12)
FN:77,(anonymous_13)
FN:78,(anonymous_14)
FN:97,(anonymous_15)
FN:108,(anonymous_16)
FN:116,(anonymous_17)
FN:124,(anonymous_18)
FN:133,(anonymous_19)
FN:145,(anonymous_20)
FN:165,(anonymous_21)
FN:167,(anonymous_22)
FN:174,(anonymous_23)
FN:183,(anonymous_24)
FN:195,(anonymous_25)
FN:210,(anonymous_26)
FN:228,(anonymous_27)
FN:247,(anonymous_28)
FN:265,(anonymous_29)
FN:282,(anonymous_30)
FN:300,(anonymous_31)
FN:313,(anonymous_32)
FN:322,(anonymous_33)
FN:332,(anonymous_34)
FN:337,(anonymous_35)
FN:338,(anonymous_36)
FN:344,(anonymous_37)
FN:348,(anonymous_38)
FNF:33
FNH:15
FNDA:1,(anonymous_6)
FNDA:8,Yeelight
FNDA:6,(anonymous_8)
FNDA:6,(anonymous_9)
FNDA:5,(anonymous_10)
FNDA:5,(anonymous_11)
FNDA:8,(anonymous_12)
FNDA:8,(anonymous_13)
FNDA:8,(anonymous_14)
FNDA:0,(anonymous_15)
FNDA:0,(anonymous_16)
FNDA:0,(anonymous_17)
FNDA:0,(anonymous_18)
FNDA:0,(anonymous_19)
FNDA:0,(anonymous_20)
FNDA:0,(anonymous_21)
FNDA:0,(anonymous_22)
FNDA:0,(anonymous_23)
FNDA:0,(anonymous_24)
FNDA:0,(anonymous_25)
FNDA:0,(anonymous_26)
FNDA:0,(anonymous_27)
FNDA:0,(anonymous_28)
FNDA:0,(anonymous_29)
FNDA:0,(anonymous_30)
FNDA:0,(anonymous_31)
FNDA:7,(anonymous_32)
FNDA:0,(anonymous_33)
FNDA:7,(anonymous_34)
FNDA:7,(anonymous_35)
FNDA:2,(anonymous_36)
FNDA:5,(anonymous_37)
FNDA:7,(anonymous_38)
DA:1,1
DA:2,1
DA:3,1
DA:4,1
DA:12,1
DA:17,8
DA:22,8
DA:23,8
DA:24,8
DA:25,8
DA:26,8
DA:27,8
DA:28,8
DA:29,8
DA:31,8
DA:33,1
DA:34,6
DA:35,6
DA:36,6
DA:37,6
DA:38,6
DA:39,1
DA:41,5
DA:48,5
DA:49,5
DA:50,5
DA:52,5
DA:53,3
DA:55,5
DA:56,2
DA:57,2
DA:63,5
DA:64,5
DA:65,5
DA:67,5
DA:69,5
DA:75,8
DA:76,8
DA:77,8
DA:78,8
DA:79,8
DA:80,8
DA:81,8
DA:97,1
DA:98,0
DA:99,0
DA:108,1
DA:109,0
DA:116,1
DA:117,0
DA:124,1
DA:125,0
DA:133,1
DA:134,0
DA:145,1
DA:146,0
DA:165,1
DA:166,0
DA:167,0
DA:168,0
DA:174,1
DA:175,0
DA:183,1
DA:184,0
DA:195,1
DA:196,0
DA:210,1
DA:211,0
DA:228,1
DA:229,0
DA:247,1
DA:248,0
DA:265,1
DA:266,0
DA:282,1
DA:283,0
DA:300,1
DA:301,0
DA:313,1
DA:314,7
DA:322,1
DA:324,0
DA:332,7
DA:333,7
DA:334,7
DA:335,7
DA:336,7
DA:337,7
DA:338,7
DA:339,2
DA:340,2
DA:341,2
DA:344,7
DA:345,5
DA:346,5
DA:348,7
DA:349,7
DA:354,1
LF:98
LH:78
BRDA:23,0,0,8
BRDA:23,0,1,8
BRDA:24,1,0,8
BRDA:24,1,1,8
BRDA:31,2,0,8
BRDA:31,2,1,0
BRDA:38,3,0,1
BRDA:38,3,1,5
BRDA:52,4,0,3
BRDA:52,4,1,2
BRDA:52,5,0,5
BRDA:52,5,1,5
BRDA:55,6,0,2
BRDA:55,6,1,3
BRDA:55,7,0,5
BRDA:55,7,1,5
BRDA:97,8,0,0
BRDA:97,8,1,0
BRDA:98,9,0,0
BRDA:98,9,1,0
BRDA:99,10,0,0
BRDA:99,10,1,0
BRDA:165,11,0,0
BRDA:165,11,1,0
BRDA:166,12,0,0
BRDA:166,12,1,0
BRF:26
BRH:15
end_of_record
TN:
SF:/home/travis/build/samuraitruong/yeelight/src/models/color.ts
FN:3,(anonymous_0)
FN:4,Color
FN:12,(anonymous_2)
FNF:3
FNH:3
FNDA:1,(anonymous_0)
FNDA:3,Color
FNDA:1,(anonymous_2)
DA:1,1
DA:3,1
DA:4,3
DA:5,3
DA:6,3
DA:7,3
DA:8,3
DA:9,3
DA:12,1
DA:14,1
DA:16,1
LF:11
LH:11
BRDA:5,0,0,3
BRDA:5,0,1,0
BRF:2
BRH:1
end_of_record
TN:
SF:/home/travis/build/samuraitruong/yeelight/src/models/command.ts
FN:2,(anonymous_0)
FN:3,Command
FN:6,(anonymous_2)
FNF:3
FNH:3
FNDA:1,(anonymous_0)
FNDA:12,Command
FNDA:14,(anonymous_2)
DA:2,1
DA:3,12
DA:6,1
DA:7,14
DA:9,1
LF:5
LH:5
BRF:0
BRH:0
end_of_record
TN:
SF:/home/travis/build/samuraitruong/yeelight/src/models/enums.ts
FN:1,(anonymous_0)
FN:5,(anonymous_1)
FN:11,(anonymous_2)
FN:36,(anonymous_3)
FN:47,(anonymous_4)
FN:76,(anonymous_5)
FN:87,(anonymous_6)
FNF:7
FNH:7
FNDA:1,(anonymous_0)
FNDA:1,(anonymous_1)
FNDA:1,(anonymous_2)
FNDA:1,(anonymous_3)
FNDA:1,(anonymous_4)
FNDA:1,(anonymous_5)
FNDA:1,(anonymous_6)
DA:1,1
DA:2,1
DA:3,1
DA:5,1
DA:6,1
DA:7,1
DA:8,1
DA:11,1
DA:12,1
DA:13,1
DA:14,1
DA:15,1
DA:16,1
DA:17,1
DA:18,1
DA:19,1
DA:20,1
DA:21,1
DA:22,1
DA:23,1
DA:24,1
DA:25,1
DA:26,1
DA:27,1
DA:28,1
DA:29,1
DA:30,1
DA:31,1
DA:36,1
DA:38,1
DA:40,1
DA:42,1
DA:47,1
DA:48,1
DA:49,1
DA:50,1
DA:51,1
DA:52,1
DA:53,1
DA:54,1
DA:55,1
DA:56,1
DA:57,1
DA:58,1
DA:59,1
DA:60,1
DA:61,1
DA:62,1
DA:63,1
DA:64,1
DA:65,1
DA:66,1
DA:67,1
DA:68,1
DA:69,1
DA:70,1
DA:76,1
DA:78,1
DA:79,1
DA:80,1
DA:81,1
DA:82,1
DA:87,1
DA:88,1
DA:89,1
DA:90,1
LF:66
LH:66
BRDA:1,0,0,1
BRDA:1,0,1,1
BRDA:5,1,0,1
BRDA:5,1,1,1
BRDA:11,2,0,1
BRDA:11,2,1,1
BRDA:36,3,0,1
BRDA:36,3,1,1
BRDA:47,4,0,1
BRDA:47,4,1,1
BRDA:76,5,0,1
BRDA:76,5,1,1
BRDA:87,6,0,1
BRDA:87,6,1,1
BRF:14
BRH:14
end_of_record
TN:
SF:/home/travis/build/samuraitruong/yeelight/src/models/flow-state.ts
FN:10,(anonymous_0)
FN:19,FlowState
FN:25,(anonymous_2)
FNF:3
FNH:1
FNDA:1,(anonymous_0)
FNDA:0,FlowState
FNDA:0,(anonymous_2)
DA:10,1
DA:19,0
DA:25,1
DA:26,0
DA:29,1
LF:5
LH:3
BRF:0
BRH:0
end_of_record
TN:
SF:/home/travis/build/samuraitruong/yeelight/src/models/index.ts
FNF:0
FNH:0
DA:1,1
DA:2,1
DA:6,1
DA:7,1
DA:8,1
DA:10,1
DA:11,1
LF:7
LH:7
BRF:0
BRH:0
end_of_record
TN:
SF:/home/travis/build/samuraitruong/yeelight/src/models/scene.ts
FN:5,(anonymous_6)
FN:6,Scene
FN:9,(anonymous_8)
FN:15,(anonymous_9)
FN:16,ColorScene
FN:19,(anonymous_11)
FN:25,(anonymous_12)
FN:26,HsvScene
FN:29,(anonymous_14)
FN:37,(anonymous_15)
FN:43,CtScene
FN:46,(anonymous_17)
FN:52,(anonymous_18)
FN:59,CfScene
FN:62,(anonymous_20)
FN:63,(anonymous_21)
FNF:16
FNH:5
FNDA:1,(anonymous_6)
FNDA:0,Scene
FNDA:0,(anonymous_8)
FNDA:1,(anonymous_9)
FNDA:0,ColorScene
FNDA:0,(anonymous_11)
FNDA:1,(anonymous_12)
FNDA:0,HsvScene
FNDA:0,(anonymous_14)
FNDA:1,(anonymous_15)
FNDA:0,CtScene
FNDA:0,(anonymous_17)
FNDA:1,(anonymous_18)
FNDA:0,CfScene
FNDA:0,(anonymous_20)
FNDA:0,(anonymous_21)
DA:2,1
DA:5,1
DA:6,0
DA:9,1
DA:10,0
DA:12,1
DA:15,1
DA:16,0
DA:17,0
DA:19,1
DA:20,0
DA:22,1
DA:25,1
DA:26,0
DA:27,0
DA:29,1
DA:30,0
DA:32,1
DA:37,1
DA:43,0
DA:44,0
DA:46,1
DA:47,0
DA:49,1
DA:52,1
DA:59,0
DA:60,0
DA:62,1
DA:63,0
DA:64,0
DA:66,1
LF:31
LH:16
BRDA:17,0,0,0
BRDA:17,0,1,0
BRDA:27,1,0,0
BRDA:27,1,1,0
BRDA:44,2,0,0
BRDA:44,2,1,0
BRDA:60,3,0,0
BRDA:60,3,1,0
BRF:8
BRH:0
end_of_record
