TN:
SF:/home/travis/build/samuraitruong/yeelight/src/logger.ts
FN:4,(anonymous_0)
FN:5,(anonymous_1)
FN:6,(anonymous_2)
FN:7,(anonymous_3)
FNF:4
FNH:1
FNDA:0,(anonymous_0)
FNDA:0,(anonymous_1)
FNDA:5,(anonymous_2)
FNDA:0,(anonymous_3)
DA:3,1
DA:4,0
DA:5,0
DA:6,5
DA:7,0
LF:5
LH:2
BRF:0
BRH:0
end_of_record
TN:
SF:/home/travis/build/samuraitruong/yeelight/src/utils.ts
FN:8,parseDeviceInfo
FN:15,(anonymous_1)
FN:50,hexToNumber
FN:60,getListIpAddress
FNF:4
FNH:4
FNDA:1,parseDeviceInfo
FNDA:11,(anonymous_1)
FNDA:19,hexToNumber
FNDA:1,getListIpAddress
DA:8,1
DA:11,1
DA:13,0
DA:15,17
DA:16,11
DA:17,11
DA:18,11
DA:19,11
DA:21,0
DA:23,1
DA:24,1
DA:25,1
DA:26,1
DA:27,1
DA:28,1
DA:29,1
DA:30,1
DA:31,1
DA:32,1
DA:33,1
DA:34,1
DA:35,1
DA:37,1
DA:38,1
DA:39,1
DA:40,1
DA:42,0
DA:50,1
DA:51,19
DA:52,19
DA:53,19
DA:54,61
DA:55,61
DA:56,61
DA:58,19
DA:60,1
DA:61,1
DA:62,1
DA:63,1
DA:64,1
DA:65,1
DA:67,1
DA:68,5
DA:69,5
DA:70,5
DA:71,4
DA:73,5
DA:74,5
DA:77,1
DA:80,1
LF:50
LH:47
BRDA:11,0,0,0
BRDA:11,0,1,1
BRDA:11,1,0,1
BRDA:11,1,1,1
BRDA:15,2,0,6
BRDA:15,2,1,5
BRDA:18,3,0,11
BRDA:18,3,1,0
BRDA:18,4,0,11
BRDA:18,4,1,11
BRDA:55,5,0,38
BRDA:55,5,1,23
BRDA:60,6,0,0
BRDA:60,6,1,1
BRDA:60,7,0,0
BRDA:60,7,1,1
BRDA:67,8,0,6
BRDA:67,8,1,2
BRDA:70,9,0,4
BRDA:70,9,1,1
BRDA:70,10,0,5
BRDA:70,10,1,4
BRDA:73,11,0,5
BRDA:73,11,1,0
BRDA:73,12,0,5
BRDA:73,12,1,5
BRF:26
BRH:21
end_of_record
TN:
SF:/home/travis/build/samuraitruong/yeelight/src/yeelight.ts
FN:12,(anonymous_6)
FN:22,Yeelight
FN:33,(anonymous_8)
FN:36,(anonymous_9)
FN:44,(anonymous_10)
FN:46,(anonymous_11)
FN:72,(anonymous_12)
FN:78,(anonymous_13)
FN:84,(anonymous_14)
FN:86,(anonymous_15)
FN:87,(anonymous_16)
FN:106,(anonymous_17)
FN:117,(anonymous_18)
FN:125,(anonymous_19)
FN:133,(anonymous_20)
FN:142,(anonymous_21)
FN:154,(anonymous_22)
FN:174,(anonymous_23)
FN:176,(anonymous_24)
FN:183,(anonymous_25)
FN:192,(anonymous_26)
FN:204,(anonymous_27)
FN:219,(anonymous_28)
FN:237,(anonymous_29)
FN:256,(anonymous_30)
FN:274,(anonymous_31)
FN:291,(anonymous_32)
FN:309,(anonymous_33)
FN:322,(anonymous_34)
FN:331,(anonymous_35)
FN:341,(anonymous_36)
FN:345,(anonymous_37)
FN:346,(anonymous_38)
FN:352,(anonymous_39)
FN:356,(anonymous_40)
FNF:35
FNH:17
FNDA:1,(anonymous_6)
FNDA:8,Yeelight
FNDA:6,(anonymous_8)
FNDA:6,(anonymous_9)
FNDA:6,(anonymous_10)
FNDA:6,(anonymous_11)
FNDA:5,(anonymous_12)
FNDA:5,(anonymous_13)
FNDA:8,(anonymous_14)
FNDA:8,(anonymous_15)
FNDA:8,(anonymous_16)
FNDA:0,(anonymous_17)
FNDA:0,(anonymous_18)
FNDA:0,(anonymous_19)
FNDA:0,(anonymous_20)
FNDA:0,(anonymous_21)
FNDA:0,(anonymous_22)
FNDA:0,(anonymous_23)
FNDA:0,(anonymous_24)
FNDA:0,(anonymous_25)
FNDA:0,(anonymous_26)
FNDA:0,(anonymous_27)
FNDA:0,(anonymous_28)
FNDA:0,(anonymous_29)
FNDA:0,(anonymous_30)
FNDA:0,(anonymous_31)
FNDA:0,(anonymous_32)
FNDA:0,(anonymous_33)
FNDA:7,(anonymous_34)
FNDA:0,(anonymous_35)
FNDA:7,(anonymous_36)
FNDA:7,(anonymous_37)
FNDA:2,(anonymous_38)
FNDA:5,(anonymous_39)
FNDA:7,(anonymous_40)
DA:1,1
DA:2,1
DA:3,1
DA:4,1
DA:12,1
DA:17,8
DA:22,8
DA:23,8
DA:24,8
DA:25,8
DA:26,8
DA:27,8
DA:28,8
DA:29,8
DA:31,8
DA:33,6
DA:34,6
DA:36,6
DA:37,6
DA:38,6
DA:39,6
DA:40,6
DA:44,1
DA:45,6
DA:46,6
DA:47,6
DA:48,1
DA:50,5
DA:57,5
DA:58,5
DA:59,5
DA:61,5
DA:62,3
DA:64,5
DA:65,2
DA:66,2
DA:72,5
DA:73,5
DA:74,5
DA:76,5
DA:78,5
DA:84,8
DA:85,8
DA:86,8
DA:87,8
DA:88,8
DA:89,8
DA:90,8
DA:106,1
DA:107,0
DA:108,0
DA:117,1
DA:118,0
DA:125,1
DA:126,0
DA:133,1
DA:134,0
DA:142,1
DA:143,0
DA:154,1
DA:155,0
DA:174,1
DA:175,0
DA:176,0
DA:177,0
DA:183,1
DA:184,0
DA:192,1
DA:193,0
DA:204,1
DA:205,0
DA:219,1
DA:220,0
DA:237,1
DA:238,0
DA:256,1
DA:257,0
DA:274,1
DA:275,0
DA:291,1
DA:292,0
DA:309,1
DA:310,0
DA:322,1
DA:323,7
DA:331,1
DA:333,0
DA:341,7
DA:342,7
DA:343,7
DA:344,7
DA:345,7
DA:346,7
DA:347,2
DA:348,2
DA:349,2
DA:352,7
DA:353,5
DA:354,5
DA:356,7
DA:357,7
DA:362,1
LF:102
LH:82
BRDA:23,0,0,8
BRDA:23,0,1,8
BRDA:24,1,0,8
BRDA:24,1,1,8
BRDA:31,2,0,8
BRDA:31,2,1,0
BRDA:38,3,0,6
BRDA:38,3,1,0
BRDA:47,4,0,1
BRDA:47,4,1,5
BRDA:61,5,0,3
BRDA:61,5,1,2
BRDA:61,6,0,5
BRDA:61,6,1,5
BRDA:64,7,0,2
BRDA:64,7,1,3
BRDA:64,8,0,5
BRDA:64,8,1,5
BRDA:106,9,0,0
BRDA:106,9,1,0
BRDA:107,10,0,0
BRDA:107,10,1,0
BRDA:108,11,0,0
BRDA:108,11,1,0
BRDA:174,12,0,0
BRDA:174,12,1,0
BRDA:175,13,0,0
BRDA:175,13,1,0
BRF:28
BRH:16
end_of_record
TN:
SF:/home/travis/build/samuraitruong/yeelight/src/models/color.ts
FN:3,(anonymous_0)
FN:4,Color
FN:12,(anonymous_2)
FNF:3
FNH:3
FNDA:1,(anonymous_0)
FNDA:4,Color
FNDA:2,(anonymous_2)
DA:1,1
DA:3,1
DA:4,4
DA:5,4
DA:6,2
DA:7,2
DA:8,2
DA:9,2
DA:12,1
DA:14,2
DA:16,1
LF:11
LH:11
BRDA:5,0,0,2
BRDA:5,0,1,2
BRF:2
BRH:2
end_of_record
TN:
SF:/home/travis/build/samuraitruong/yeelight/src/models/command.ts
FN:2,(anonymous_0)
FN:3,Command
FN:6,(anonymous_2)
FNF:3
FNH:3
FNDA:1,(anonymous_0)
FNDA:12,Command
FNDA:7,(anonymous_2)
DA:2,1
DA:3,12
DA:6,1
DA:7,7
DA:9,1
LF:5
LH:5
BRF:0
BRH:0
end_of_record
TN:
SF:/home/travis/build/samuraitruong/yeelight/src/models/enums.ts
FN:1,(anonymous_0)
FN:5,(anonymous_1)
FN:11,(anonymous_2)
FN:36,(anonymous_3)
FN:47,(anonymous_4)
FN:76,(anonymous_5)
FN:87,(anonymous_6)
FNF:7
FNH:7
FNDA:1,(anonymous_0)
FNDA:1,(anonymous_1)
FNDA:1,(anonymous_2)
FNDA:1,(anonymous_3)
FNDA:1,(anonymous_4)
FNDA:1,(anonymous_5)
FNDA:1,(anonymous_6)
DA:1,1
DA:2,1
DA:3,1
DA:5,1
DA:6,1
DA:7,1
DA:8,1
DA:11,1
DA:12,1
DA:13,1
DA:14,1
DA:15,1
DA:16,1
DA:17,1
DA:18,1
DA:19,1
DA:20,1
DA:21,1
DA:22,1
DA:23,1
DA:24,1
DA:25,1
DA:26,1
DA:27,1
DA:28,1
DA:29,1
DA:30,1
DA:31,1
DA:36,1
DA:38,1
DA:40,1
DA:42,1
DA:47,1
DA:48,1
DA:49,1
DA:50,1
DA:51,1
DA:52,1
DA:53,1
DA:54,1
DA:55,1
DA:56,1
DA:57,1
DA:58,1
DA:59,1
DA:60,1
DA:61,1
DA:62,1
DA:63,1
DA:64,1
DA:65,1
DA:66,1
DA:67,1
DA:68,1
DA:69,1
DA:70,1
DA:76,1
DA:78,1
DA:79,1
DA:80,1
DA:81,1
DA:82,1
DA:87,1
DA:88,1
DA:89,1
DA:90,1
LF:66
LH:66
BRDA:1,0,0,1
BRDA:1,0,1,1
BRDA:5,1,0,1
BRDA:5,1,1,1
BRDA:11,2,0,1
BRDA:11,2,1,1
BRDA:36,3,0,1
BRDA:36,3,1,1
BRDA:47,4,0,1
BRDA:47,4,1,1
BRDA:76,5,0,1
BRDA:76,5,1,1
BRDA:87,6,0,1
BRDA:87,6,1,1
BRF:14
BRH:14
end_of_record
TN:
SF:/home/travis/build/samuraitruong/yeelight/src/models/flow-state.ts
FN:10,(anonymous_0)
FN:19,FlowState
FN:25,(anonymous_2)
FNF:3
FNH:1
FNDA:1,(anonymous_0)
FNDA:0,FlowState
FNDA:0,(anonymous_2)
DA:10,1
DA:19,0
DA:25,1
DA:26,0
DA:29,1
LF:5
LH:3
BRF:0
BRH:0
end_of_record
TN:
SF:/home/travis/build/samuraitruong/yeelight/src/models/index.ts
FNF:0
FNH:0
DA:1,1
DA:2,1
DA:6,1
DA:7,1
DA:8,1
DA:10,1
DA:11,1
LF:7
LH:7
BRF:0
BRH:0
end_of_record
TN:
SF:/home/travis/build/samuraitruong/yeelight/src/models/scene.ts
FN:5,(anonymous_6)
FN:6,Scene
FN:9,(anonymous_8)
FN:15,(anonymous_9)
FN:16,ColorScene
FN:19,(anonymous_11)
FN:25,(anonymous_12)
FN:26,HsvScene
FN:29,(anonymous_14)
FN:37,(anonymous_15)
FN:43,CtScene
FN:46,(anonymous_17)
FN:52,(anonymous_18)
FN:59,CfScene
FN:62,(anonymous_20)
FN:63,(anonymous_21)
FNF:16
FNH:5
FNDA:1,(anonymous_6)
FNDA:0,Scene
FNDA:0,(anonymous_8)
FNDA:1,(anonymous_9)
FNDA:0,ColorScene
FNDA:0,(anonymous_11)
FNDA:1,(anonymous_12)
FNDA:0,HsvScene
FNDA:0,(anonymous_14)
FNDA:1,(anonymous_15)
FNDA:0,CtScene
FNDA:0,(anonymous_17)
FNDA:1,(anonymous_18)
FNDA:0,CfScene
FNDA:0,(anonymous_20)
FNDA:0,(anonymous_21)
DA:2,1
DA:5,1
DA:6,0
DA:9,1
DA:10,0
DA:12,1
DA:15,1
DA:16,0
DA:17,0
DA:19,1
DA:20,0
DA:22,1
DA:25,1
DA:26,0
DA:27,0
DA:29,1
DA:30,0
DA:32,1
DA:37,1
DA:43,0
DA:44,0
DA:46,1
DA:47,0
DA:49,1
DA:52,1
DA:59,0
DA:60,0
DA:62,1
DA:63,0
DA:64,0
DA:66,1
LF:31
LH:16
BRDA:17,0,0,0
BRDA:17,0,1,0
BRDA:27,1,0,0
BRDA:27,1,1,0
BRDA:44,2,0,0
BRDA:44,2,1,0
BRDA:60,3,0,0
BRDA:60,3,1,0
BRF:8
BRH:0
end_of_record
